<?xml version="1.0" encoding="UTF-8"?>
<!-- Generated by org.testng.reporters.JUnitXMLReporter -->
<testsuite ignored="0" hostname="LAPTOP-3B7J3G9G" failures="0" tests="15" name="Default test" time="140.292" errors="0" timestamp="2021-06-09T11:53:06 IST">
  <testcase classname="com.blazedemo.qa.test.BookingConfirmationPageTest" name="bookingConfirmPageTitleTest" time="0.042"/>
  <testcase classname="com.blazedemo.qa.test.BookingConfirmationPageTest" name="verifyBookingSuccessTest" time="0.096"/>
  <testcase classname="com.blazedemo.qa.test.BookingConfirmationPageTest" name="checkConfirmIDTest" time="0.094"/>
  <testcase classname="com.blazedemo.qa.test.BookingConfirmationPageTest" name="getConfirmIDTest" time="0.078"/>
  <testcase classname="com.blazedemo.qa.test.LoginPageTest" name="verifyHomePageTitleTest" time="0.014"/>
  <testcase classname="com.blazedemo.qa.test.LoginPageTest" name="fillLoginTest" time="2.432"/>
  <testcase classname="com.blazedemo.qa.test.LoginPageTest" name="navigateToRegistration" time="0.768"/>
  <testcase classname="com.blazedemo.qa.test.ChooseFlightPageTest" name="verifyChooseFlightPageTitleTest" time="0.017"/>
  <testcase classname="com.blazedemo.qa.test.ChooseFlightPageTest" name="verifyTableTest" time="0.077"/>
  <testcase classname="com.blazedemo.qa.test.ChooseFlightPageTest" name="chooseFlightTest" time="0.734"/>
  <testcase classname="com.blazedemo.qa.test.PassengerPurchaseDetailPageTest" name="verifyDetailsPageTitleTest" time="0.021"/>
  <testcase classname="com.blazedemo.qa.test.PassengerPurchaseDetailPageTest" name="fillFullDetails" time="2.514"/>
  <testcase classname="com.blazedemo.qa.test.FindFlightPageTest" name="findFlightPageTitleTest" time="0.02"/>
  <testcase classname="com.blazedemo.qa.test.FindFlightPageTest" name="navigaTeToHomeLinkTest" time="2.722"/>
  <testcase classname="com.blazedemo.qa.test.FindFlightPageTest" name="findFlightTest" time="1.216"/>
</testsuite> <!-- Default test -->
