<?xml version="1.0" encoding="UTF-8"?>
<testng-results ignored="0" total="15" passed="15" failed="0" skipped="0">
  <reporter-output>
  </reporter-output>
  <suite started-at="2021-06-09T11:50:46 IST" name="Default suite" finished-at="2021-06-09T11:53:06 IST" duration-ms="140292">
    <groups>
    </groups>
    <test started-at="2021-06-09T11:50:46 IST" name="Default test" finished-at="2021-06-09T11:53:06 IST" duration-ms="140292">
      <class name="com.blazedemo.qa.test.BookingConfirmationPageTest">
        <test-method is-config="true" signature="setUp()[pri:0, instance:com.blazedemo.qa.test.BookingConfirmationPageTest@73ee04c8]" started-at="2021-06-09T11:50:46 IST" name="setUp" finished-at="2021-06-09T11:50:56 IST" duration-ms="10228" status="PASS">
          <reporter-output>
          </reporter-output>
        </test-method> <!-- setUp -->
        <test-method signature="bookingConfirmPageTitleTest()[pri:1, instance:com.blazedemo.qa.test.BookingConfirmationPageTest@73ee04c8]" started-at="2021-06-09T11:50:56 IST" name="bookingConfirmPageTitleTest" finished-at="2021-06-09T11:50:56 IST" duration-ms="42" status="PASS">
          <reporter-output>
          </reporter-output>
        </test-method> <!-- bookingConfirmPageTitleTest -->
        <test-method is-config="true" signature="teardown()[pri:0, instance:com.blazedemo.qa.test.BookingConfirmationPageTest@73ee04c8]" started-at="2021-06-09T11:50:56 IST" name="teardown" finished-at="2021-06-09T11:50:58 IST" duration-ms="1155" status="PASS">
          <reporter-output>
          </reporter-output>
        </test-method> <!-- teardown -->
        <test-method is-config="true" signature="setUp()[pri:0, instance:com.blazedemo.qa.test.BookingConfirmationPageTest@73ee04c8]" started-at="2021-06-09T11:50:58 IST" name="setUp" finished-at="2021-06-09T11:51:07 IST" duration-ms="9094" status="PASS">
          <reporter-output>
          </reporter-output>
        </test-method> <!-- setUp -->
        <test-method signature="verifyBookingSuccessTest()[pri:2, instance:com.blazedemo.qa.test.BookingConfirmationPageTest@73ee04c8]" started-at="2021-06-09T11:51:07 IST" name="verifyBookingSuccessTest" finished-at="2021-06-09T11:51:07 IST" duration-ms="96" status="PASS">
          <reporter-output>
          </reporter-output>
        </test-method> <!-- verifyBookingSuccessTest -->
        <test-method is-config="true" signature="teardown()[pri:0, instance:com.blazedemo.qa.test.BookingConfirmationPageTest@73ee04c8]" started-at="2021-06-09T11:51:07 IST" name="teardown" finished-at="2021-06-09T11:51:08 IST" duration-ms="1054" status="PASS">
          <reporter-output>
          </reporter-output>
        </test-method> <!-- teardown -->
        <test-method is-config="true" signature="setUp()[pri:0, instance:com.blazedemo.qa.test.BookingConfirmationPageTest@73ee04c8]" started-at="2021-06-09T11:51:08 IST" name="setUp" finished-at="2021-06-09T11:51:15 IST" duration-ms="7589" status="PASS">
          <reporter-output>
          </reporter-output>
        </test-method> <!-- setUp -->
        <test-method signature="checkConfirmIDTest()[pri:3, instance:com.blazedemo.qa.test.BookingConfirmationPageTest@73ee04c8]" started-at="2021-06-09T11:51:15 IST" name="checkConfirmIDTest" finished-at="2021-06-09T11:51:16 IST" duration-ms="94" status="PASS">
          <reporter-output>
          </reporter-output>
        </test-method> <!-- checkConfirmIDTest -->
        <test-method is-config="true" signature="teardown()[pri:0, instance:com.blazedemo.qa.test.BookingConfirmationPageTest@73ee04c8]" started-at="2021-06-09T11:51:16 IST" name="teardown" finished-at="2021-06-09T11:51:17 IST" duration-ms="1024" status="PASS">
          <reporter-output>
          </reporter-output>
        </test-method> <!-- teardown -->
        <test-method is-config="true" signature="setUp()[pri:0, instance:com.blazedemo.qa.test.BookingConfirmationPageTest@73ee04c8]" started-at="2021-06-09T11:51:17 IST" name="setUp" finished-at="2021-06-09T11:51:25 IST" duration-ms="8718" status="PASS">
          <reporter-output>
          </reporter-output>
        </test-method> <!-- setUp -->
        <test-method signature="getConfirmIDTest()[pri:4, instance:com.blazedemo.qa.test.BookingConfirmationPageTest@73ee04c8]" started-at="2021-06-09T11:51:25 IST" name="getConfirmIDTest" finished-at="2021-06-09T11:51:25 IST" duration-ms="78" status="PASS">
          <reporter-output>
          </reporter-output>
        </test-method> <!-- getConfirmIDTest -->
        <test-method is-config="true" signature="teardown()[pri:0, instance:com.blazedemo.qa.test.BookingConfirmationPageTest@73ee04c8]" started-at="2021-06-09T11:51:25 IST" name="teardown" finished-at="2021-06-09T11:51:26 IST" duration-ms="993" status="PASS">
          <reporter-output>
          </reporter-output>
        </test-method> <!-- teardown -->
      </class> <!-- com.blazedemo.qa.test.BookingConfirmationPageTest -->
      <class name="com.blazedemo.qa.test.LoginPageTest">
        <test-method is-config="true" signature="setUp()[pri:0, instance:com.blazedemo.qa.test.LoginPageTest@50ad3bc1]" started-at="2021-06-09T11:51:26 IST" name="setUp" finished-at="2021-06-09T11:51:34 IST" duration-ms="7379" status="PASS">
          <reporter-output>
          </reporter-output>
        </test-method> <!-- setUp -->
        <test-method signature="verifyHomePageTitleTest()[pri:1, instance:com.blazedemo.qa.test.LoginPageTest@50ad3bc1]" started-at="2021-06-09T11:51:34 IST" name="verifyHomePageTitleTest" finished-at="2021-06-09T11:51:34 IST" duration-ms="14" status="PASS">
          <reporter-output>
          </reporter-output>
        </test-method> <!-- verifyHomePageTitleTest -->
        <test-method is-config="true" signature="teardown()[pri:0, instance:com.blazedemo.qa.test.LoginPageTest@50ad3bc1]" started-at="2021-06-09T11:51:34 IST" name="teardown" finished-at="2021-06-09T11:51:35 IST" duration-ms="1007" status="PASS">
          <reporter-output>
          </reporter-output>
        </test-method> <!-- teardown -->
        <test-method is-config="true" signature="setUp()[pri:0, instance:com.blazedemo.qa.test.LoginPageTest@50ad3bc1]" started-at="2021-06-09T11:51:35 IST" name="setUp" finished-at="2021-06-09T11:51:44 IST" duration-ms="9626" status="PASS">
          <reporter-output>
          </reporter-output>
        </test-method> <!-- setUp -->
        <test-method signature="fillLoginTest()[pri:2, instance:com.blazedemo.qa.test.LoginPageTest@50ad3bc1]" started-at="2021-06-09T11:51:44 IST" name="fillLoginTest" finished-at="2021-06-09T11:51:47 IST" duration-ms="2432" status="PASS">
          <reporter-output>
          </reporter-output>
        </test-method> <!-- fillLoginTest -->
        <test-method is-config="true" signature="teardown()[pri:0, instance:com.blazedemo.qa.test.LoginPageTest@50ad3bc1]" started-at="2021-06-09T11:51:47 IST" name="teardown" finished-at="2021-06-09T11:51:48 IST" duration-ms="1184" status="PASS">
          <reporter-output>
          </reporter-output>
        </test-method> <!-- teardown -->
        <test-method is-config="true" signature="setUp()[pri:0, instance:com.blazedemo.qa.test.LoginPageTest@50ad3bc1]" started-at="2021-06-09T11:51:48 IST" name="setUp" finished-at="2021-06-09T11:51:56 IST" duration-ms="7631" status="PASS">
          <reporter-output>
          </reporter-output>
        </test-method> <!-- setUp -->
        <test-method signature="navigateToRegistration()[pri:3, instance:com.blazedemo.qa.test.LoginPageTest@50ad3bc1]" started-at="2021-06-09T11:51:56 IST" name="navigateToRegistration" finished-at="2021-06-09T11:51:56 IST" duration-ms="768" status="PASS">
          <reporter-output>
          </reporter-output>
        </test-method> <!-- navigateToRegistration -->
        <test-method is-config="true" signature="teardown()[pri:0, instance:com.blazedemo.qa.test.LoginPageTest@50ad3bc1]" started-at="2021-06-09T11:51:56 IST" name="teardown" finished-at="2021-06-09T11:51:58 IST" duration-ms="1170" status="PASS">
          <reporter-output>
          </reporter-output>
        </test-method> <!-- teardown -->
      </class> <!-- com.blazedemo.qa.test.LoginPageTest -->
      <class name="com.blazedemo.qa.test.ChooseFlightPageTest">
        <test-method is-config="true" signature="setUp()[pri:0, instance:com.blazedemo.qa.test.ChooseFlightPageTest@193f604a]" started-at="2021-06-09T11:51:58 IST" name="setUp" finished-at="2021-06-09T11:52:04 IST" duration-ms="6665" status="PASS">
          <reporter-output>
          </reporter-output>
        </test-method> <!-- setUp -->
        <test-method signature="verifyChooseFlightPageTitleTest()[pri:1, instance:com.blazedemo.qa.test.ChooseFlightPageTest@193f604a]" started-at="2021-06-09T11:52:04 IST" name="verifyChooseFlightPageTitleTest" finished-at="2021-06-09T11:52:04 IST" duration-ms="17" status="PASS">
          <reporter-output>
          </reporter-output>
        </test-method> <!-- verifyChooseFlightPageTitleTest -->
        <test-method is-config="true" signature="teardown()[pri:0, instance:com.blazedemo.qa.test.ChooseFlightPageTest@193f604a]" started-at="2021-06-09T11:52:04 IST" name="teardown" finished-at="2021-06-09T11:52:05 IST" duration-ms="899" status="PASS">
          <reporter-output>
          </reporter-output>
        </test-method> <!-- teardown -->
        <test-method is-config="true" signature="setUp()[pri:0, instance:com.blazedemo.qa.test.ChooseFlightPageTest@193f604a]" started-at="2021-06-09T11:52:05 IST" name="setUp" finished-at="2021-06-09T11:52:12 IST" duration-ms="6412" status="PASS">
          <reporter-output>
          </reporter-output>
        </test-method> <!-- setUp -->
        <test-method signature="verifyTableTest()[pri:2, instance:com.blazedemo.qa.test.ChooseFlightPageTest@193f604a]" started-at="2021-06-09T11:52:12 IST" name="verifyTableTest" finished-at="2021-06-09T11:52:12 IST" duration-ms="77" status="PASS">
          <reporter-output>
          </reporter-output>
        </test-method> <!-- verifyTableTest -->
        <test-method is-config="true" signature="teardown()[pri:0, instance:com.blazedemo.qa.test.ChooseFlightPageTest@193f604a]" started-at="2021-06-09T11:52:12 IST" name="teardown" finished-at="2021-06-09T11:52:13 IST" duration-ms="964" status="PASS">
          <reporter-output>
          </reporter-output>
        </test-method> <!-- teardown -->
        <test-method is-config="true" signature="setUp()[pri:0, instance:com.blazedemo.qa.test.ChooseFlightPageTest@193f604a]" started-at="2021-06-09T11:52:13 IST" name="setUp" finished-at="2021-06-09T11:52:19 IST" duration-ms="6264" status="PASS">
          <reporter-output>
          </reporter-output>
        </test-method> <!-- setUp -->
        <test-method signature="chooseFlightTest()[pri:3, instance:com.blazedemo.qa.test.ChooseFlightPageTest@193f604a]" started-at="2021-06-09T11:52:19 IST" name="chooseFlightTest" finished-at="2021-06-09T11:52:20 IST" duration-ms="734" status="PASS">
          <reporter-output>
          </reporter-output>
        </test-method> <!-- chooseFlightTest -->
        <test-method is-config="true" signature="teardown()[pri:0, instance:com.blazedemo.qa.test.ChooseFlightPageTest@193f604a]" started-at="2021-06-09T11:52:20 IST" name="teardown" finished-at="2021-06-09T11:52:21 IST" duration-ms="923" status="PASS">
          <reporter-output>
          </reporter-output>
        </test-method> <!-- teardown -->
      </class> <!-- com.blazedemo.qa.test.ChooseFlightPageTest -->
      <class name="com.blazedemo.qa.test.PassengerPurchaseDetailPageTest">
        <test-method is-config="true" signature="setUp()[pri:0, instance:com.blazedemo.qa.test.PassengerPurchaseDetailPageTest@20f5239f]" started-at="2021-06-09T11:52:21 IST" name="setUp" finished-at="2021-06-09T11:52:28 IST" duration-ms="7812" status="PASS">
          <reporter-output>
          </reporter-output>
        </test-method> <!-- setUp -->
        <test-method signature="verifyDetailsPageTitleTest()[pri:1, instance:com.blazedemo.qa.test.PassengerPurchaseDetailPageTest@20f5239f]" started-at="2021-06-09T11:52:28 IST" name="verifyDetailsPageTitleTest" finished-at="2021-06-09T11:52:28 IST" duration-ms="21" status="PASS">
          <reporter-output>
          </reporter-output>
        </test-method> <!-- verifyDetailsPageTitleTest -->
        <test-method is-config="true" signature="teardown()[pri:0, instance:com.blazedemo.qa.test.PassengerPurchaseDetailPageTest@20f5239f]" started-at="2021-06-09T11:52:28 IST" name="teardown" finished-at="2021-06-09T11:52:29 IST" duration-ms="1027" status="PASS">
          <reporter-output>
          </reporter-output>
        </test-method> <!-- teardown -->
        <test-method is-config="true" signature="setUp()[pri:0, instance:com.blazedemo.qa.test.PassengerPurchaseDetailPageTest@20f5239f]" started-at="2021-06-09T11:52:29 IST" name="setUp" finished-at="2021-06-09T11:52:36 IST" duration-ms="6993" status="PASS">
          <reporter-output>
          </reporter-output>
        </test-method> <!-- setUp -->
        <test-method signature="fillFullDetails()[pri:2, instance:com.blazedemo.qa.test.PassengerPurchaseDetailPageTest@20f5239f]" started-at="2021-06-09T11:52:36 IST" name="fillFullDetails" finished-at="2021-06-09T11:52:39 IST" duration-ms="2514" status="PASS">
          <reporter-output>
          </reporter-output>
        </test-method> <!-- fillFullDetails -->
        <test-method is-config="true" signature="teardown()[pri:0, instance:com.blazedemo.qa.test.PassengerPurchaseDetailPageTest@20f5239f]" started-at="2021-06-09T11:52:39 IST" name="teardown" finished-at="2021-06-09T11:52:40 IST" duration-ms="1481" status="PASS">
          <reporter-output>
          </reporter-output>
        </test-method> <!-- teardown -->
      </class> <!-- com.blazedemo.qa.test.PassengerPurchaseDetailPageTest -->
      <class name="com.blazedemo.qa.test.FindFlightPageTest">
        <test-method is-config="true" signature="setUp()[pri:0, instance:com.blazedemo.qa.test.FindFlightPageTest@57af006c]" started-at="2021-06-09T11:52:40 IST" name="setUp" finished-at="2021-06-09T11:52:46 IST" duration-ms="5462" status="PASS">
          <reporter-output>
          </reporter-output>
        </test-method> <!-- setUp -->
        <test-method signature="findFlightPageTitleTest()[pri:1, instance:com.blazedemo.qa.test.FindFlightPageTest@57af006c]" started-at="2021-06-09T11:52:46 IST" name="findFlightPageTitleTest" finished-at="2021-06-09T11:52:46 IST" duration-ms="20" status="PASS">
          <reporter-output>
          </reporter-output>
        </test-method> <!-- findFlightPageTitleTest -->
        <test-method is-config="true" signature="teardown()[pri:0, instance:com.blazedemo.qa.test.FindFlightPageTest@57af006c]" started-at="2021-06-09T11:52:46 IST" name="teardown" finished-at="2021-06-09T11:52:47 IST" duration-ms="978" status="PASS">
          <reporter-output>
          </reporter-output>
        </test-method> <!-- teardown -->
        <test-method is-config="true" signature="setUp()[pri:0, instance:com.blazedemo.qa.test.FindFlightPageTest@57af006c]" started-at="2021-06-09T11:52:47 IST" name="setUp" finished-at="2021-06-09T11:52:52 IST" duration-ms="5321" status="PASS">
          <reporter-output>
          </reporter-output>
        </test-method> <!-- setUp -->
        <test-method signature="navigaTeToHomeLinkTest()[pri:2, instance:com.blazedemo.qa.test.FindFlightPageTest@57af006c]" started-at="2021-06-09T11:52:52 IST" name="navigaTeToHomeLinkTest" finished-at="2021-06-09T11:52:55 IST" duration-ms="2722" status="PASS">
          <reporter-output>
          </reporter-output>
        </test-method> <!-- navigaTeToHomeLinkTest -->
        <test-method is-config="true" signature="teardown()[pri:0, instance:com.blazedemo.qa.test.FindFlightPageTest@57af006c]" started-at="2021-06-09T11:52:55 IST" name="teardown" finished-at="2021-06-09T11:52:56 IST" duration-ms="1143" status="PASS">
          <reporter-output>
          </reporter-output>
        </test-method> <!-- teardown -->
        <test-method is-config="true" signature="setUp()[pri:0, instance:com.blazedemo.qa.test.FindFlightPageTest@57af006c]" started-at="2021-06-09T11:52:56 IST" name="setUp" finished-at="2021-06-09T11:53:04 IST" duration-ms="7651" status="PASS">
          <reporter-output>
          </reporter-output>
        </test-method> <!-- setUp -->
        <test-method signature="findFlightTest()[pri:3, instance:com.blazedemo.qa.test.FindFlightPageTest@57af006c]" started-at="2021-06-09T11:53:04 IST" name="findFlightTest" finished-at="2021-06-09T11:53:05 IST" duration-ms="1216" status="PASS">
          <reporter-output>
          </reporter-output>
        </test-method> <!-- findFlightTest -->
        <test-method is-config="true" signature="teardown()[pri:0, instance:com.blazedemo.qa.test.FindFlightPageTest@57af006c]" started-at="2021-06-09T11:53:05 IST" name="teardown" finished-at="2021-06-09T11:53:06 IST" duration-ms="1403" status="PASS">
          <reporter-output>
          </reporter-output>
        </test-method> <!-- teardown -->
      </class> <!-- com.blazedemo.qa.test.FindFlightPageTest -->
    </test> <!-- Default test -->
  </suite> <!-- Default suite -->
</testng-results>
